<?xml version="1.0" encoding="UTF-8" ?>
<testsuite tests="5" failures="0" name="calculator.simplecalculator.CalculatorTest" time="0.001" errors="0" skipped="0">
  <properties>
[...]
</properties>
  <testcase classname="calculator.simplecalculator.CalculatorTest" name="subTest" time="0.001"/>
  <testcase classname="calculator.simplecalculator.CalculatorTest" name="addTest" time="0"/>
  <testcase classname="calculator.simplecalculator.CalculatorTest" name="divZeroTest" time="0"/>
  <testcase classname="calculator.simplecalculator.CalculatorTest" name="mulTest" time="0"/>
  <testcase classname="calculator.simplecalculator.CalculatorTest" name="divTest" time="0"/>
</testsuite>