<?xml version="1.0" encoding="UTF-8" ?>
<testsuite tests="5" failures="0" name="integrationtests.WebCalculatorTest" time="0.235" errors="0" skipped="0">
  <properties>
[...]
</properties>
  <testcase classname="integrationtests.WebCalculatorTest" name="subTest" time="0.219"/>
  <testcase classname="integrationtests.WebCalculatorTest" name="divTestByZero" time="0.016"/>
  <testcase classname="integrationtests.WebCalculatorTest" name="addTest" time="0"/>
  <testcase classname="integrationtests.WebCalculatorTest" name="mulTest" time="0"/>
  <testcase classname="integrationtests.WebCalculatorTest" name="divTest" time="0"/>
</testsuite>